Using pre-set license
Built from '2020.3/staging' branch; Version is '2020.3.13f1 (71691879b7f5) revision 7432472'; Using compiler version '192528614'; Build Type 'Release'
OS: 'Windows 10 Enterprise; OS build 19042.1083; Version 2009; 64bit' Language: 'en' Physical Memory: 15996 MB
BatchMode: 1, IsHumanControllingUs: 0, StartBugReporterOnCrash: 0, Is64bit: 1, IsPro: 0

 COMMAND LINE ARGUMENTS:
C:\Program Files\Unity\Hub\Editor\2020.3.13f1\Editor\Unity.exe
-adb2
-batchMode
-noUpm
-name
AssetImportWorker0
-projectPath
F:/Unity Projects/Snake
-logFile
Logs/AssetImportWorker0.log
-srvPort
57569
Successfully changed project path to: F:/Unity Projects/Snake
F:/Unity Projects/Snake
Using Asset Import Pipeline V2.
Refreshing native plugins compatible for Editor in 70.75 ms, found 2 plugins.
Preloading 0 native plugins for Editor in 0.00 ms.
Initialize engine version: 2020.3.13f1 (71691879b7f5)
[Subsystems] Discovering subsystems at path C:/Program Files/Unity/Hub/Editor/2020.3.13f1/Editor/Data/Resources/UnitySubsystems
[Subsystems] Discovering subsystems at path F:/Unity Projects/Snake/Assets
GfxDevice: creating device client; threaded=0
Direct3D:
    Version:  Direct3D 11.0 [level 11.1]
    Renderer: NVIDIA GeForce GTX 1060 with Max-Q Design (ID=0x1c20)
    Vendor:   
    VRAM:     6052 MB
    Driver:   27.21.14.5771
Shader 'Universal Render Pipeline/Particles/Lit': fallback shader 'Universal Render Pipeline/Particles/SimpleLit' not found
Initialize mono
Mono path[0] = 'C:/Program Files/Unity/Hub/Editor/2020.3.13f1/Editor/Data/Managed'
Mono path[1] = 'C:/Program Files/Unity/Hub/Editor/2020.3.13f1/Editor/Data/MonoBleedingEdge/lib/mono/unityjit'
Mono config path = 'C:/Program Files/Unity/Hub/Editor/2020.3.13f1/Editor/Data/MonoBleedingEdge/etc'
Using monoOptions --debugger-agent=transport=dt_socket,embedding=1,server=y,suspend=n,address=127.0.0.1:56780
Begin MonoManager ReloadAssembly
Registering precompiled unity dll's ...
Register platform support module: C:/Program Files/Unity/Hub/Editor/2020.3.13f1/Editor/Data/PlaybackEngines/WindowsStandaloneSupport/UnityEditor.WindowsStandalone.Extensions.dll
Registered in 0.002807 seconds.
Native extension for WindowsStandalone target not found
Refreshing native plugins compatible for Editor in 69.21 ms, found 2 plugins.
Preloading 0 native plugins for Editor in 0.00 ms.
Mono: successfully reloaded assembly
- Completed reload, in  3.200 seconds
Platform modules already initialized, skipping
Registering precompiled user dll's ...
Registered in 0.006177 seconds.
Begin MonoManager ReloadAssembly
Native extension for WindowsStandalone target not found
Refreshing native plugins compatible for Editor in 64.55 ms, found 2 plugins.
Preloading 0 native plugins for Editor in 0.00 ms.
Mono: successfully reloaded assembly
- Completed reload, in  1.577 seconds
Platform modules already initialized, skipping
========================================================================
Worker process is ready to serve import requests
Shader 'Universal Render Pipeline/Particles/Lit': fallback shader 'Universal Render Pipeline/Particles/SimpleLit' not found
Launched and connected shader compiler UnityShaderCompiler.exe after 0.06 seconds
Refreshing native plugins compatible for Editor in 0.56 ms, found 2 plugins.
Preloading 0 native plugins for Editor in 0.00 ms.
Unloading 2939 Unused Serialized files (Serialized files now loaded: 0)
System memory in use before: 132.5 MB.
System memory in use after: 132.7 MB.

Unloading 22 unused Assets to reduce memory usage. Loaded Objects now: 3380.
Total: 2.773500 ms (FindLiveObjects: 0.296600 ms CreateObjectMapping: 0.196400 ms MarkObjects: 2.202500 ms  DeleteObjects: 0.077000 ms)

AssetImportParameters requested are different than current active one (requested -> active):
  custom:framework-win-MediaFoundation: 216162199b28c13a410421893ffa2e32 -> 
  custom:video-decoder-ogg-theora: a1e56fd34408186e4bbccfd4996cb3dc -> 
  custom:container-muxer-webm: aa71ff27fc2769a1b78a27578f13a17b -> 
  custom:container-demuxer-webm: 4f35f7cbe854078d1ac9338744f61a02 -> 
  custom:container-demuxer-ogg: 62fdf1f143b41e24485cea50d1cbac27 -> 
  custom:video-encoder-webm-vp8: eb34c28f22e8b96e1ab97ce403110664 -> 
  custom:video-decoder-webm-vp8: 9c59270c3fd7afecdb556c50c9e8de78 -> 
  custom:audio-decoder-ogg-vorbis: bf7c407c2cedff20999df2af8eb42d56 -> 
  custom:audio-encoder-webm-vorbis: bf7c407c2cedff20999df2af8eb42d56 -> 
========================================================================
Received Import Request.
  path: Assets/Images/Textures/Water Seamless.png
  artifactKey: Guid(36ac9bd0a72e169408165db46ccc9c0c) Importer(815301076,1909f56bfc062723c751e8b465ee728b)
Start importing Assets/Images/Textures/Water Seamless.png using Guid(36ac9bd0a72e169408165db46ccc9c0c) Importer(815301076,1909f56bfc062723c751e8b465ee728b)  -> (artifact id: '1e3d4f2145ca52aaa671c909f173c4f6') in 0.159108 seconds 
  Import took 0.190968 seconds .

========================================================================
Received Import Request.
  Time since last request: 0.160587 seconds.
  path: Assets/Materials/Water
  artifactKey: Guid(c810327194001f94ebfa1bf11bb14f61) Importer(815301076,1909f56bfc062723c751e8b465ee728b)
Start importing Assets/Materials/Water using Guid(c810327194001f94ebfa1bf11bb14f61) Importer(815301076,1909f56bfc062723c751e8b465ee728b)  -> (artifact id: '0d14eaada8a3032d6a4c7832b63abf3e') in 0.009585 seconds 
  Import took 0.036259 seconds .

========================================================================
Received Import Request.
  Time since last request: 42.192029 seconds.
  path: Assets/Prefabs/Objects/JewelSpawner.prefab
  artifactKey: Guid(6cead697427511b4b95e5ca7eb459309) Importer(815301076,1909f56bfc062723c751e8b465ee728b)
Start importing Assets/Prefabs/Objects/JewelSpawner.prefab using Guid(6cead697427511b4b95e5ca7eb459309) Importer(815301076,1909f56bfc062723c751e8b465ee728b)  -> (artifact id: 'bb3d7143fe239d1ea9ae2ad772868703') in 0.021526 seconds 
  Import took 0.069574 seconds .

========================================================================
Received Import Request.
  Time since last request: 14.784887 seconds.
  path: Assets/Samples/Shader Graph/10.5.1
  artifactKey: Guid(ac9857d3f1ecec64993614b99706f212) Importer(815301076,1909f56bfc062723c751e8b465ee728b)
Start importing Assets/Samples/Shader Graph/10.5.1 using Guid(ac9857d3f1ecec64993614b99706f212) Importer(815301076,1909f56bfc062723c751e8b465ee728b)  -> (artifact id: 'bedee14a10af2194030f96b342e697fe') in 0.010426 seconds 
  Import took 0.052147 seconds .

========================================================================
Received Import Request.
  Time since last request: 0.647321 seconds.
  path: Assets/Samples/Shader Graph/10.5.1/Procedural Patterns
  artifactKey: Guid(aaebfeb8bdd23244cbd7e1c2e4dc414f) Importer(815301076,1909f56bfc062723c751e8b465ee728b)
Start importing Assets/Samples/Shader Graph/10.5.1/Procedural Patterns using Guid(aaebfeb8bdd23244cbd7e1c2e4dc414f) Importer(815301076,1909f56bfc062723c751e8b465ee728b)  -> (artifact id: 'edb0f1245ad8e5e56ca43c8cd3892a52') in 0.009499 seconds 
  Import took 0.024541 seconds .

========================================================================
Received Import Request.
  Time since last request: 15.525079 seconds.
  path: Assets/Scenes/Render Scene.unity
  artifactKey: Guid(37faa210071a5fd4aba193369385763c) Importer(815301076,1909f56bfc062723c751e8b465ee728b)
Start importing Assets/Scenes/Render Scene.unity using Guid(37faa210071a5fd4aba193369385763c) Importer(815301076,1909f56bfc062723c751e8b465ee728b)  -> (artifact id: '5e73c247629a576a6ba776729be1545f') in 0.010172 seconds 
  Import took 0.045664 seconds .

========================================================================
Received Import Request.
  Time since last request: 2.805710 seconds.
  path: Assets/Scenes/SampleScene.unity
  artifactKey: Guid(9fc0d4010bbf28b4594072e72b8655ab) Importer(815301076,1909f56bfc062723c751e8b465ee728b)
Start importing Assets/Scenes/SampleScene.unity using Guid(9fc0d4010bbf28b4594072e72b8655ab) Importer(815301076,1909f56bfc062723c751e8b465ee728b)  -> (artifact id: '96a202dbdd84e24196f0ef41df6d529c') in 0.009475 seconds 
  Import took 0.038779 seconds .

========================================================================
Received Import Request.
  Time since last request: 63.544644 seconds.
  path: Assets/Scripts/Managers/GameManager.cs
  artifactKey: Guid(ef9a10276cb342b4c94ba2b4c4f235f9) Importer(815301076,1909f56bfc062723c751e8b465ee728b)
Start importing Assets/Scripts/Managers/GameManager.cs using Guid(ef9a10276cb342b4c94ba2b4c4f235f9) Importer(815301076,1909f56bfc062723c751e8b465ee728b)  -> (artifact id: '05d69d29974b345bca033716b3fa5306') in 0.021377 seconds 
  Import took 0.060600 seconds .

========================================================================
Received Import Request.
  Time since last request: 8.748804 seconds.
  path: Assets/Fonts/Generated/arcadeclassic.regular SDF.asset
  artifactKey: Guid(26f80c03e7ebd4d4aa11cbab67dc6808) Importer(815301076,1909f56bfc062723c751e8b465ee728b)
Start importing Assets/Fonts/Generated/arcadeclassic.regular SDF.asset using Guid(26f80c03e7ebd4d4aa11cbab67dc6808) Importer(815301076,1909f56bfc062723c751e8b465ee728b)  -> (artifact id: '200f2b0b562bc1c1378b018f9091ac59') in 0.340591 seconds 
  Import took 0.347726 seconds .

========================================================================
Received Import Request.
  Time since last request: 0.000591 seconds.
  path: Assets/Images/Sprites/Boost.png
  artifactKey: Guid(2118afec35e752f44b0fc57b7b899946) Importer(815301076,1909f56bfc062723c751e8b465ee728b)
Start importing Assets/Images/Sprites/Boost.png using Guid(2118afec35e752f44b0fc57b7b899946) Importer(815301076,1909f56bfc062723c751e8b465ee728b)  -> (artifact id: 'b487fd041d8e8527249a63c48c1e9416') in 0.032486 seconds 
  Import took 0.060963 seconds .

========================================================================
Received Import Request.
  Time since last request: 0.000711 seconds.
  path: Assets/Fonts/Generated/arcadeclassic.regular SDF.asset
  artifactKey: Guid(26f80c03e7ebd4d4aa11cbab67dc6808) Importer(815301076,1909f56bfc062723c751e8b465ee728b)
Start importing Assets/Fonts/Generated/arcadeclassic.regular SDF.asset using Guid(26f80c03e7ebd4d4aa11cbab67dc6808) Importer(815301076,1909f56bfc062723c751e8b465ee728b)  -> (artifact id: '200f2b0b562bc1c1378b018f9091ac59') in 0.037205 seconds 
  Import took 0.043639 seconds .

========================================================================
Received Import Request.
  Time since last request: 556.870083 seconds.
  path: Assets/URP/URP.asset
  artifactKey: Guid(cf8a2fb6699d1be468b2d6fc47b9a257) Importer(815301076,1909f56bfc062723c751e8b465ee728b)
Start importing Assets/URP/URP.asset using Guid(cf8a2fb6699d1be468b2d6fc47b9a257) Importer(815301076,1909f56bfc062723c751e8b465ee728b)  -> (artifact id: '18c8ef910654ca1d7b7d8d89089faa51') in 0.011578 seconds 
  Import took 0.042704 seconds .

