Using pre-set license
Built from '2020.3/staging' branch; Version is '2020.3.13f1 (71691879b7f5) revision 7432472'; Using compiler version '192528614'; Build Type 'Release'
OS: 'Windows 10 Enterprise; OS build 19042.1083; Version 2009; 64bit' Language: 'en' Physical Memory: 15996 MB
BatchMode: 1, IsHumanControllingUs: 0, StartBugReporterOnCrash: 0, Is64bit: 1, IsPro: 0

 COMMAND LINE ARGUMENTS:
C:\Program Files\Unity\Hub\Editor\2020.3.13f1\Editor\Unity.exe
-adb2
-batchMode
-noUpm
-name
AssetImportWorker0
-projectPath
F:/Unity Projects/Snake
-logFile
Logs/AssetImportWorker0.log
-srvPort
58449
Successfully changed project path to: F:/Unity Projects/Snake
F:/Unity Projects/Snake
Using Asset Import Pipeline V2.
Refreshing native plugins compatible for Editor in 78.69 ms, found 2 plugins.
Preloading 0 native plugins for Editor in 0.00 ms.
Initialize engine version: 2020.3.13f1 (71691879b7f5)
[Subsystems] Discovering subsystems at path C:/Program Files/Unity/Hub/Editor/2020.3.13f1/Editor/Data/Resources/UnitySubsystems
[Subsystems] Discovering subsystems at path F:/Unity Projects/Snake/Assets
GfxDevice: creating device client; threaded=0
Direct3D:
    Version:  Direct3D 11.0 [level 11.1]
    Renderer: NVIDIA GeForce GTX 1060 with Max-Q Design (ID=0x1c20)
    Vendor:   
    VRAM:     6052 MB
    Driver:   27.21.14.5771
Shader 'Universal Render Pipeline/Particles/Lit': fallback shader 'Universal Render Pipeline/Particles/SimpleLit' not found
Initialize mono
Mono path[0] = 'C:/Program Files/Unity/Hub/Editor/2020.3.13f1/Editor/Data/Managed'
Mono path[1] = 'C:/Program Files/Unity/Hub/Editor/2020.3.13f1/Editor/Data/MonoBleedingEdge/lib/mono/unityjit'
Mono config path = 'C:/Program Files/Unity/Hub/Editor/2020.3.13f1/Editor/Data/MonoBleedingEdge/etc'
Using monoOptions --debugger-agent=transport=dt_socket,embedding=1,server=y,suspend=n,address=127.0.0.1:56084
Begin MonoManager ReloadAssembly
Registering precompiled unity dll's ...
Register platform support module: C:/Program Files/Unity/Hub/Editor/2020.3.13f1/Editor/Data/PlaybackEngines/WindowsStandaloneSupport/UnityEditor.WindowsStandalone.Extensions.dll
Registered in 0.006179 seconds.
Native extension for WindowsStandalone target not found
Refreshing native plugins compatible for Editor in 69.45 ms, found 2 plugins.
Preloading 0 native plugins for Editor in 0.00 ms.
Mono: successfully reloaded assembly
- Completed reload, in  3.554 seconds
Platform modules already initialized, skipping
Registering precompiled user dll's ...
Registered in 0.007302 seconds.
Begin MonoManager ReloadAssembly
Native extension for WindowsStandalone target not found
Refreshing native plugins compatible for Editor in 80.10 ms, found 2 plugins.
Preloading 0 native plugins for Editor in 0.00 ms.
Mono: successfully reloaded assembly
- Completed reload, in  2.297 seconds
Platform modules already initialized, skipping
========================================================================
Worker process is ready to serve import requests
Shader 'Universal Render Pipeline/Particles/Lit': fallback shader 'Universal Render Pipeline/Particles/SimpleLit' not found
Launched and connected shader compiler UnityShaderCompiler.exe after 0.30 seconds
Refreshing native plugins compatible for Editor in 0.76 ms, found 2 plugins.
Preloading 0 native plugins for Editor in 0.00 ms.
Unloading 2939 Unused Serialized files (Serialized files now loaded: 0)
System memory in use before: 132.5 MB.
System memory in use after: 132.7 MB.

Unloading 22 unused Assets to reduce memory usage. Loaded Objects now: 3380.
Total: 4.628100 ms (FindLiveObjects: 0.415300 ms CreateObjectMapping: 0.624100 ms MarkObjects: 3.500600 ms  DeleteObjects: 0.086400 ms)

AssetImportParameters requested are different than current active one (requested -> active):
  custom:framework-win-MediaFoundation: 216162199b28c13a410421893ffa2e32 -> 
  custom:video-decoder-ogg-theora: a1e56fd34408186e4bbccfd4996cb3dc -> 
  custom:container-muxer-webm: aa71ff27fc2769a1b78a27578f13a17b -> 
  custom:container-demuxer-webm: 4f35f7cbe854078d1ac9338744f61a02 -> 
  custom:container-demuxer-ogg: 62fdf1f143b41e24485cea50d1cbac27 -> 
  custom:video-encoder-webm-vp8: eb34c28f22e8b96e1ab97ce403110664 -> 
  custom:video-decoder-webm-vp8: 9c59270c3fd7afecdb556c50c9e8de78 -> 
  custom:audio-decoder-ogg-vorbis: bf7c407c2cedff20999df2af8eb42d56 -> 
  custom:audio-encoder-webm-vorbis: bf7c407c2cedff20999df2af8eb42d56 -> 
========================================================================
Received Import Request.
  path: Assets/Scripts/Object Pools/PoolManager.cs
  artifactKey: Guid(6b573fedb79f1c74e9884c0737c9efd7) Importer(815301076,1909f56bfc062723c751e8b465ee728b)
Start importing Assets/Scripts/Object Pools/PoolManager.cs using Guid(6b573fedb79f1c74e9884c0737c9efd7) Importer(815301076,1909f56bfc062723c751e8b465ee728b)  -> (artifact id: '31941602b705e29bf5f3e21ae88a7709') in 0.054870 seconds 
  Import took 0.082340 seconds .

========================================================================
Received Prepare
Registering precompiled user dll's ...
Registered in 0.004915 seconds.
Begin MonoManager ReloadAssembly
Native extension for WindowsStandalone target not found
Refreshing native plugins compatible for Editor in 0.55 ms, found 2 plugins.
Preloading 0 native plugins for Editor in 0.00 ms.
Mono: successfully reloaded assembly
- Completed reload, in  1.771 seconds
Platform modules already initialized, skipping
Switching build target platform(19) subTarget(0) extendedPlatform(0) -> platform(13) subTarget(537395200) extendedPlatform(0)
Shader 'Universal Render Pipeline/Particles/Lit': fallback shader 'Universal Render Pipeline/Particles/SimpleLit' not found
Refreshing native plugins compatible for Editor in 0.68 ms, found 2 plugins.
Preloading 0 native plugins for Editor in 0.00 ms.
Unloading 2816 Unused Serialized files (Serialized files now loaded: 0)
System memory in use before: 123.3 MB.
System memory in use after: 123.5 MB.

Unloading 17 unused Assets to reduce memory usage. Loaded Objects now: 3383.
Total: 29.407900 ms (FindLiveObjects: 0.962500 ms CreateObjectMapping: 0.228900 ms MarkObjects: 28.175800 ms  DeleteObjects: 0.034600 ms)

AssetImportParameters requested are different than current active one (requested -> active):
  custom:framework-win-MediaFoundation: 216162199b28c13a410421893ffa2e32 -> 
  custom:video-decoder-ogg-theora: a1e56fd34408186e4bbccfd4996cb3dc -> 
  custom:container-muxer-webm: aa71ff27fc2769a1b78a27578f13a17b -> 
  custom:container-demuxer-webm: 4f35f7cbe854078d1ac9338744f61a02 -> 
  custom:container-demuxer-ogg: 62fdf1f143b41e24485cea50d1cbac27 -> 
  custom:video-encoder-webm-vp8: eb34c28f22e8b96e1ab97ce403110664 -> 
  custom:video-decoder-webm-vp8: 9c59270c3fd7afecdb556c50c9e8de78 -> 
  custom:graphics/normal-map-encoding: 01000000000000000000000000000000 -> 02000000000000000000000000000000
  custom:audio-decoder-ogg-vorbis: bf7c407c2cedff20999df2af8eb42d56 -> 
  custom:audio-encoder-webm-vorbis: bf7c407c2cedff20999df2af8eb42d56 -> 
========================================================================
Received Import Request.
  Time since last request: 10.827957 seconds.
  path: Assets/Scripts/Managers
  artifactKey: Guid(064cb7f3ce746074687192c67c02644e) Importer(815301076,1909f56bfc062723c751e8b465ee728b)
Start importing Assets/Scripts/Managers using Guid(064cb7f3ce746074687192c67c02644e) Importer(815301076,1909f56bfc062723c751e8b465ee728b)  -> (artifact id: 'ad867d4b24da89a8f9c7d16b876e49e5') in 0.012738 seconds 
  Import took 0.040145 seconds .

========================================================================
Received Prepare
Registering precompiled user dll's ...
Registered in 0.012823 seconds.
Begin MonoManager ReloadAssembly
Native extension for WindowsStandalone target not found
Refreshing native plugins compatible for Editor in 0.56 ms, found 2 plugins.
Preloading 0 native plugins for Editor in 0.00 ms.
Mono: successfully reloaded assembly
- Completed reload, in  3.812 seconds
Platform modules already initialized, skipping
Switching build target platform(19) subTarget(0) extendedPlatform(0) -> platform(13) subTarget(537395200) extendedPlatform(0)
Shader 'Universal Render Pipeline/Particles/Lit': fallback shader 'Universal Render Pipeline/Particles/SimpleLit' not found
Refreshing native plugins compatible for Editor in 0.95 ms, found 2 plugins.
Preloading 0 native plugins for Editor in 0.00 ms.
Unloading 2816 Unused Serialized files (Serialized files now loaded: 0)
System memory in use before: 123.3 MB.
System memory in use after: 123.6 MB.

Unloading 17 unused Assets to reduce memory usage. Loaded Objects now: 3386.
Total: 4.514100 ms (FindLiveObjects: 0.552100 ms CreateObjectMapping: 0.320000 ms MarkObjects: 3.614500 ms  DeleteObjects: 0.025600 ms)

AssetImportParameters requested are different than current active one (requested -> active):
  custom:framework-win-MediaFoundation: 216162199b28c13a410421893ffa2e32 -> 
  custom:video-decoder-ogg-theora: a1e56fd34408186e4bbccfd4996cb3dc -> 
  custom:container-muxer-webm: aa71ff27fc2769a1b78a27578f13a17b -> 
  custom:container-demuxer-webm: 4f35f7cbe854078d1ac9338744f61a02 -> 
  custom:container-demuxer-ogg: 62fdf1f143b41e24485cea50d1cbac27 -> 
  custom:video-encoder-webm-vp8: eb34c28f22e8b96e1ab97ce403110664 -> 
  custom:video-decoder-webm-vp8: 9c59270c3fd7afecdb556c50c9e8de78 -> 
  custom:graphics/normal-map-encoding: 01000000000000000000000000000000 -> 02000000000000000000000000000000
  custom:audio-decoder-ogg-vorbis: bf7c407c2cedff20999df2af8eb42d56 -> 
  custom:audio-encoder-webm-vorbis: bf7c407c2cedff20999df2af8eb42d56 -> 
========================================================================
Received Import Request.
  Time since last request: 21.514307 seconds.
  path: Assets/Scripts/Managers/SettingsManager.cs
  artifactKey: Guid(beac8dc68ce25d641807db6ff8c28d39) Importer(815301076,1909f56bfc062723c751e8b465ee728b)
Start importing Assets/Scripts/Managers/SettingsManager.cs using Guid(beac8dc68ce25d641807db6ff8c28d39) Importer(815301076,1909f56bfc062723c751e8b465ee728b)  -> (artifact id: 'dc55e92e34c7b64fc9111b6092ba5606') in 0.014882 seconds 
  Import took 0.052298 seconds .

========================================================================
Received Import Request.
  Time since last request: 11.252873 seconds.
  path: Assets/Scripts/Managers/ObjectPoolsManager.cs
  artifactKey: Guid(6b573fedb79f1c74e9884c0737c9efd7) Importer(815301076,1909f56bfc062723c751e8b465ee728b)
Start importing Assets/Scripts/Managers/ObjectPoolsManager.cs using Guid(6b573fedb79f1c74e9884c0737c9efd7) Importer(815301076,1909f56bfc062723c751e8b465ee728b)  -> (artifact id: '3ad728f992c13eeaed325de0d282eb4f') in 0.031267 seconds 
  Import took 0.061538 seconds .

========================================================================
Received Prepare
Registering precompiled user dll's ...
Registered in 0.005712 seconds.
Begin MonoManager ReloadAssembly
Native extension for WindowsStandalone target not found
Refreshing native plugins compatible for Editor in 0.90 ms, found 2 plugins.
Preloading 0 native plugins for Editor in 0.00 ms.
Mono: successfully reloaded assembly
- Completed reload, in  2.259 seconds
Platform modules already initialized, skipping
Switching build target platform(19) subTarget(0) extendedPlatform(0) -> platform(13) subTarget(537395200) extendedPlatform(0)
Shader 'Universal Render Pipeline/Particles/Lit': fallback shader 'Universal Render Pipeline/Particles/SimpleLit' not found
Refreshing native plugins compatible for Editor in 0.61 ms, found 2 plugins.
Preloading 0 native plugins for Editor in 0.00 ms.
Unloading 2816 Unused Serialized files (Serialized files now loaded: 0)
System memory in use before: 123.4 MB.
System memory in use after: 123.6 MB.

Unloading 17 unused Assets to reduce memory usage. Loaded Objects now: 3389.
Total: 7.207200 ms (FindLiveObjects: 0.634600 ms CreateObjectMapping: 1.577700 ms MarkObjects: 4.967700 ms  DeleteObjects: 0.025200 ms)

AssetImportParameters requested are different than current active one (requested -> active):
  custom:framework-win-MediaFoundation: 216162199b28c13a410421893ffa2e32 -> 
  custom:video-decoder-ogg-theora: a1e56fd34408186e4bbccfd4996cb3dc -> 
  custom:container-muxer-webm: aa71ff27fc2769a1b78a27578f13a17b -> 
  custom:container-demuxer-webm: 4f35f7cbe854078d1ac9338744f61a02 -> 
  custom:container-demuxer-ogg: 62fdf1f143b41e24485cea50d1cbac27 -> 
  custom:video-encoder-webm-vp8: eb34c28f22e8b96e1ab97ce403110664 -> 
  custom:video-decoder-webm-vp8: 9c59270c3fd7afecdb556c50c9e8de78 -> 
  custom:graphics/normal-map-encoding: 01000000000000000000000000000000 -> 02000000000000000000000000000000
  custom:audio-decoder-ogg-vorbis: bf7c407c2cedff20999df2af8eb42d56 -> 
  custom:audio-encoder-webm-vorbis: bf7c407c2cedff20999df2af8eb42d56 -> 
========================================================================
Received Import Request.
  Time since last request: 21.569809 seconds.
  path: Assets/Scripts/Managers/GameManager.cs
  artifactKey: Guid(ef9a10276cb342b4c94ba2b4c4f235f9) Importer(815301076,1909f56bfc062723c751e8b465ee728b)
Start importing Assets/Scripts/Managers/GameManager.cs using Guid(ef9a10276cb342b4c94ba2b4c4f235f9) Importer(815301076,1909f56bfc062723c751e8b465ee728b)  -> (artifact id: 'e2772de7d236c0fa80ed15061644f2a2') in 0.013674 seconds 
  Import took 0.030094 seconds .

========================================================================
Received Import Request.
  Time since last request: 0.001446 seconds.
  path: Assets/Scripts/Managers/ObjectPoolsManager.cs
  artifactKey: Guid(6b573fedb79f1c74e9884c0737c9efd7) Importer(815301076,1909f56bfc062723c751e8b465ee728b)
Start importing Assets/Scripts/Managers/ObjectPoolsManager.cs using Guid(6b573fedb79f1c74e9884c0737c9efd7) Importer(815301076,1909f56bfc062723c751e8b465ee728b)  -> (artifact id: '31dc7bafe813075172000f4f5bdd62b6') in 0.001852 seconds 
  Import took 0.006777 seconds .

========================================================================
Received Import Request.
  Time since last request: 45.742914 seconds.
  path: Assets/Scripts/Managers/GameManager.cs
  artifactKey: Guid(ef9a10276cb342b4c94ba2b4c4f235f9) Importer(815301076,1909f56bfc062723c751e8b465ee728b)
Start importing Assets/Scripts/Managers/GameManager.cs using Guid(ef9a10276cb342b4c94ba2b4c4f235f9) Importer(815301076,1909f56bfc062723c751e8b465ee728b)  -> (artifact id: 'f91cdf2e2778ed2b719a4fce48b5957c') in 0.008743 seconds 
  Import took 0.049750 seconds .

========================================================================
Received Import Request.
  Time since last request: 0.299760 seconds.
  path: Assets/Scripts/Managers/GameManager.cs
  artifactKey: Guid(ef9a10276cb342b4c94ba2b4c4f235f9) Importer(815301076,1909f56bfc062723c751e8b465ee728b)
Start importing Assets/Scripts/Managers/GameManager.cs using Guid(ef9a10276cb342b4c94ba2b4c4f235f9) Importer(815301076,1909f56bfc062723c751e8b465ee728b)  -> (artifact id: 'f91cdf2e2778ed2b719a4fce48b5957c') in 0.002553 seconds 
  Import took 0.017486 seconds .

========================================================================
Received Import Request.
  Time since last request: 24.502386 seconds.
  path: Assets/Scripts/Managers/GameManager.cs
  artifactKey: Guid(ef9a10276cb342b4c94ba2b4c4f235f9) Importer(815301076,1909f56bfc062723c751e8b465ee728b)
Start importing Assets/Scripts/Managers/GameManager.cs using Guid(ef9a10276cb342b4c94ba2b4c4f235f9) Importer(815301076,1909f56bfc062723c751e8b465ee728b)  -> (artifact id: '57e50fbf871ca815c7447e94111a7495') in 0.004842 seconds 
  Import took 0.024775 seconds .

========================================================================
Received Import Request.
  Time since last request: 0.052326 seconds.
  path: Assets/Scripts/Managers/GameManager.cs
  artifactKey: Guid(ef9a10276cb342b4c94ba2b4c4f235f9) Importer(815301076,1909f56bfc062723c751e8b465ee728b)
Start importing Assets/Scripts/Managers/GameManager.cs using Guid(ef9a10276cb342b4c94ba2b4c4f235f9) Importer(815301076,1909f56bfc062723c751e8b465ee728b)  -> (artifact id: '57e50fbf871ca815c7447e94111a7495') in 0.005349 seconds 
  Import took 0.018411 seconds .

========================================================================
Received Import Request.
  Time since last request: 18.150573 seconds.
  path: Assets/Scripts/Managers/GameManager.cs
  artifactKey: Guid(ef9a10276cb342b4c94ba2b4c4f235f9) Importer(815301076,1909f56bfc062723c751e8b465ee728b)
Start importing Assets/Scripts/Managers/GameManager.cs using Guid(ef9a10276cb342b4c94ba2b4c4f235f9) Importer(815301076,1909f56bfc062723c751e8b465ee728b)  -> (artifact id: '5d768aae27371e4a0cd994968b0ac677') in 0.007025 seconds 
  Import took 0.074340 seconds .

========================================================================
Received Prepare
Registering precompiled user dll's ...
Registered in 0.008115 seconds.
Begin MonoManager ReloadAssembly
Native extension for WindowsStandalone target not found
Refreshing native plugins compatible for Editor in 0.98 ms, found 2 plugins.
Preloading 0 native plugins for Editor in 0.00 ms.
Mono: successfully reloaded assembly
- Completed reload, in  1.797 seconds
Platform modules already initialized, skipping
Switching build target platform(19) subTarget(0) extendedPlatform(0) -> platform(13) subTarget(537395200) extendedPlatform(0)
Shader 'Universal Render Pipeline/Particles/Lit': fallback shader 'Universal Render Pipeline/Particles/SimpleLit' not found
Refreshing native plugins compatible for Editor in 0.58 ms, found 2 plugins.
Preloading 0 native plugins for Editor in 0.00 ms.
Unloading 2816 Unused Serialized files (Serialized files now loaded: 0)
System memory in use before: 123.4 MB.
System memory in use after: 123.6 MB.

Unloading 17 unused Assets to reduce memory usage. Loaded Objects now: 3392.
Total: 4.237100 ms (FindLiveObjects: 0.496600 ms CreateObjectMapping: 0.404100 ms MarkObjects: 3.297000 ms  DeleteObjects: 0.038000 ms)

AssetImportParameters requested are different than current active one (requested -> active):
  custom:framework-win-MediaFoundation: 216162199b28c13a410421893ffa2e32 -> 
  custom:video-decoder-ogg-theora: a1e56fd34408186e4bbccfd4996cb3dc -> 
  custom:container-muxer-webm: aa71ff27fc2769a1b78a27578f13a17b -> 
  custom:container-demuxer-webm: 4f35f7cbe854078d1ac9338744f61a02 -> 
  custom:container-demuxer-ogg: 62fdf1f143b41e24485cea50d1cbac27 -> 
  custom:video-encoder-webm-vp8: eb34c28f22e8b96e1ab97ce403110664 -> 
  custom:video-decoder-webm-vp8: 9c59270c3fd7afecdb556c50c9e8de78 -> 
  custom:graphics/normal-map-encoding: 01000000000000000000000000000000 -> 02000000000000000000000000000000
  custom:audio-decoder-ogg-vorbis: bf7c407c2cedff20999df2af8eb42d56 -> 
  custom:audio-encoder-webm-vorbis: bf7c407c2cedff20999df2af8eb42d56 -> 
========================================================================
Received Prepare
Registering precompiled user dll's ...
Registered in 0.005501 seconds.
Begin MonoManager ReloadAssembly
Native extension for WindowsStandalone target not found
Refreshing native plugins compatible for Editor in 0.90 ms, found 2 plugins.
Preloading 0 native plugins for Editor in 0.00 ms.
Mono: successfully reloaded assembly
- Completed reload, in  2.308 seconds
Platform modules already initialized, skipping
Switching build target platform(19) subTarget(0) extendedPlatform(0) -> platform(13) subTarget(537395200) extendedPlatform(0)
Shader 'Universal Render Pipeline/Particles/Lit': fallback shader 'Universal Render Pipeline/Particles/SimpleLit' not found
Refreshing native plugins compatible for Editor in 0.72 ms, found 2 plugins.
Preloading 0 native plugins for Editor in 0.00 ms.
Unloading 2816 Unused Serialized files (Serialized files now loaded: 0)
System memory in use before: 123.4 MB.
System memory in use after: 123.6 MB.

Unloading 17 unused Assets to reduce memory usage. Loaded Objects now: 3395.
Total: 2.692700 ms (FindLiveObjects: 0.312600 ms CreateObjectMapping: 0.162100 ms MarkObjects: 2.194000 ms  DeleteObjects: 0.022200 ms)

AssetImportParameters requested are different than current active one (requested -> active):
  custom:framework-win-MediaFoundation: 216162199b28c13a410421893ffa2e32 -> 
  custom:video-decoder-ogg-theora: a1e56fd34408186e4bbccfd4996cb3dc -> 
  custom:container-muxer-webm: aa71ff27fc2769a1b78a27578f13a17b -> 
  custom:container-demuxer-webm: 4f35f7cbe854078d1ac9338744f61a02 -> 
  custom:container-demuxer-ogg: 62fdf1f143b41e24485cea50d1cbac27 -> 
  custom:video-encoder-webm-vp8: eb34c28f22e8b96e1ab97ce403110664 -> 
  custom:video-decoder-webm-vp8: 9c59270c3fd7afecdb556c50c9e8de78 -> 
  custom:graphics/normal-map-encoding: 01000000000000000000000000000000 -> 02000000000000000000000000000000
  custom:audio-decoder-ogg-vorbis: bf7c407c2cedff20999df2af8eb42d56 -> 
  custom:audio-encoder-webm-vorbis: bf7c407c2cedff20999df2af8eb42d56 -> 
========================================================================
Received Prepare
Registering precompiled user dll's ...
Registered in 0.005067 seconds.
Begin MonoManager ReloadAssembly
Native extension for WindowsStandalone target not found
Refreshing native plugins compatible for Editor in 0.64 ms, found 2 plugins.
Preloading 0 native plugins for Editor in 0.00 ms.
Mono: successfully reloaded assembly
- Completed reload, in  1.917 seconds
Platform modules already initialized, skipping
Switching build target platform(19) subTarget(0) extendedPlatform(0) -> platform(13) subTarget(537395200) extendedPlatform(0)
Shader 'Universal Render Pipeline/Particles/Lit': fallback shader 'Universal Render Pipeline/Particles/SimpleLit' not found
Refreshing native plugins compatible for Editor in 0.55 ms, found 2 plugins.
Preloading 0 native plugins for Editor in 0.00 ms.
Unloading 2816 Unused Serialized files (Serialized files now loaded: 0)
System memory in use before: 123.4 MB.
System memory in use after: 123.6 MB.

Unloading 17 unused Assets to reduce memory usage. Loaded Objects now: 3398.
Total: 3.006800 ms (FindLiveObjects: 0.379700 ms CreateObjectMapping: 0.194600 ms MarkObjects: 2.394000 ms  DeleteObjects: 0.037100 ms)

AssetImportParameters requested are different than current active one (requested -> active):
  custom:framework-win-MediaFoundation: 216162199b28c13a410421893ffa2e32 -> 
  custom:video-decoder-ogg-theora: a1e56fd34408186e4bbccfd4996cb3dc -> 
  custom:container-muxer-webm: aa71ff27fc2769a1b78a27578f13a17b -> 
  custom:container-demuxer-webm: 4f35f7cbe854078d1ac9338744f61a02 -> 
  custom:container-demuxer-ogg: 62fdf1f143b41e24485cea50d1cbac27 -> 
  custom:video-encoder-webm-vp8: eb34c28f22e8b96e1ab97ce403110664 -> 
  custom:video-decoder-webm-vp8: 9c59270c3fd7afecdb556c50c9e8de78 -> 
  custom:graphics/normal-map-encoding: 01000000000000000000000000000000 -> 02000000000000000000000000000000
  custom:audio-decoder-ogg-vorbis: bf7c407c2cedff20999df2af8eb42d56 -> 
  custom:audio-encoder-webm-vorbis: bf7c407c2cedff20999df2af8eb42d56 -> 
========================================================================
Received Prepare
Registering precompiled user dll's ...
Registered in 0.006645 seconds.
Begin MonoManager ReloadAssembly
Native extension for WindowsStandalone target not found
Refreshing native plugins compatible for Editor in 1.27 ms, found 2 plugins.
Preloading 0 native plugins for Editor in 0.00 ms.
Mono: successfully reloaded assembly
- Completed reload, in  2.197 seconds
Platform modules already initialized, skipping
Switching build target platform(19) subTarget(0) extendedPlatform(0) -> platform(13) subTarget(537395200) extendedPlatform(0)
Shader 'Universal Render Pipeline/Particles/Lit': fallback shader 'Universal Render Pipeline/Particles/SimpleLit' not found
Refreshing native plugins compatible for Editor in 0.57 ms, found 2 plugins.
Preloading 0 native plugins for Editor in 0.00 ms.
Unloading 2816 Unused Serialized files (Serialized files now loaded: 0)
System memory in use before: 123.4 MB.
System memory in use after: 123.7 MB.

Unloading 17 unused Assets to reduce memory usage. Loaded Objects now: 3401.
Total: 3.297500 ms (FindLiveObjects: 0.394600 ms CreateObjectMapping: 0.203800 ms MarkObjects: 2.660900 ms  DeleteObjects: 0.036400 ms)

AssetImportParameters requested are different than current active one (requested -> active):
  custom:framework-win-MediaFoundation: 216162199b28c13a410421893ffa2e32 -> 
  custom:video-decoder-ogg-theora: a1e56fd34408186e4bbccfd4996cb3dc -> 
  custom:container-muxer-webm: aa71ff27fc2769a1b78a27578f13a17b -> 
  custom:container-demuxer-webm: 4f35f7cbe854078d1ac9338744f61a02 -> 
  custom:container-demuxer-ogg: 62fdf1f143b41e24485cea50d1cbac27 -> 
  custom:video-encoder-webm-vp8: eb34c28f22e8b96e1ab97ce403110664 -> 
  custom:video-decoder-webm-vp8: 9c59270c3fd7afecdb556c50c9e8de78 -> 
  custom:graphics/normal-map-encoding: 01000000000000000000000000000000 -> 02000000000000000000000000000000
  custom:audio-decoder-ogg-vorbis: bf7c407c2cedff20999df2af8eb42d56 -> 
  custom:audio-encoder-webm-vorbis: bf7c407c2cedff20999df2af8eb42d56 -> 
========================================================================
Received Prepare
Registering precompiled user dll's ...
Registered in 0.006157 seconds.
Begin MonoManager ReloadAssembly
Native extension for WindowsStandalone target not found
Refreshing native plugins compatible for Editor in 0.65 ms, found 2 plugins.
Preloading 0 native plugins for Editor in 0.00 ms.
Mono: successfully reloaded assembly
- Completed reload, in  2.009 seconds
Platform modules already initialized, skipping
Switching build target platform(19) subTarget(0) extendedPlatform(0) -> platform(13) subTarget(537395200) extendedPlatform(0)
Shader 'Universal Render Pipeline/Particles/Lit': fallback shader 'Universal Render Pipeline/Particles/SimpleLit' not found
Refreshing native plugins compatible for Editor in 0.62 ms, found 2 plugins.
Preloading 0 native plugins for Editor in 0.00 ms.
Unloading 2816 Unused Serialized files (Serialized files now loaded: 0)
System memory in use before: 123.4 MB.
System memory in use after: 123.7 MB.

Unloading 17 unused Assets to reduce memory usage. Loaded Objects now: 3404.
Total: 4.019400 ms (FindLiveObjects: 0.531800 ms CreateObjectMapping: 0.258700 ms MarkObjects: 3.189900 ms  DeleteObjects: 0.037300 ms)

AssetImportParameters requested are different than current active one (requested -> active):
  custom:framework-win-MediaFoundation: 216162199b28c13a410421893ffa2e32 -> 
  custom:video-decoder-ogg-theora: a1e56fd34408186e4bbccfd4996cb3dc -> 
  custom:container-muxer-webm: aa71ff27fc2769a1b78a27578f13a17b -> 
  custom:container-demuxer-webm: 4f35f7cbe854078d1ac9338744f61a02 -> 
  custom:container-demuxer-ogg: 62fdf1f143b41e24485cea50d1cbac27 -> 
  custom:video-encoder-webm-vp8: eb34c28f22e8b96e1ab97ce403110664 -> 
  custom:video-decoder-webm-vp8: 9c59270c3fd7afecdb556c50c9e8de78 -> 
  custom:graphics/normal-map-encoding: 01000000000000000000000000000000 -> 02000000000000000000000000000000
  custom:audio-decoder-ogg-vorbis: bf7c407c2cedff20999df2af8eb42d56 -> 
  custom:audio-encoder-webm-vorbis: bf7c407c2cedff20999df2af8eb42d56 -> 
========================================================================
Received Import Request.
  Time since last request: 598.993011 seconds.
  path: Assets/Scripts/Managers/SettingsManager.cs
  artifactKey: Guid(beac8dc68ce25d641807db6ff8c28d39) Importer(815301076,1909f56bfc062723c751e8b465ee728b)
Start importing Assets/Scripts/Managers/SettingsManager.cs using Guid(beac8dc68ce25d641807db6ff8c28d39) Importer(815301076,1909f56bfc062723c751e8b465ee728b)  -> (artifact id: 'a6939429307bf033b7234c6c078393a5') in 0.007184 seconds 
  Import took 0.040601 seconds .

========================================================================
Received Import Request.
  Time since last request: 0.382285 seconds.
  path: Assets/Scripts/Managers/ObjectPoolsManager.cs
  artifactKey: Guid(6b573fedb79f1c74e9884c0737c9efd7) Importer(815301076,1909f56bfc062723c751e8b465ee728b)
Start importing Assets/Scripts/Managers/ObjectPoolsManager.cs using Guid(6b573fedb79f1c74e9884c0737c9efd7) Importer(815301076,1909f56bfc062723c751e8b465ee728b)  -> (artifact id: 'a3b5bf98f4aa9f9efc837d69f06b2dad') in 0.003718 seconds 
  Import took 0.010627 seconds .

========================================================================
Received Prepare
Registering precompiled user dll's ...
Registered in 0.004930 seconds.
Begin MonoManager ReloadAssembly
Native extension for WindowsStandalone target not found
Refreshing native plugins compatible for Editor in 2.49 ms, found 2 plugins.
Preloading 0 native plugins for Editor in 0.00 ms.
Mono: successfully reloaded assembly
- Completed reload, in  1.760 seconds
Platform modules already initialized, skipping
Switching build target platform(19) subTarget(0) extendedPlatform(0) -> platform(13) subTarget(537395200) extendedPlatform(0)
Shader 'Universal Render Pipeline/Particles/Lit': fallback shader 'Universal Render Pipeline/Particles/SimpleLit' not found
Refreshing native plugins compatible for Editor in 0.79 ms, found 2 plugins.
Preloading 0 native plugins for Editor in 0.00 ms.
Unloading 2816 Unused Serialized files (Serialized files now loaded: 0)
System memory in use before: 123.4 MB.
System memory in use after: 123.7 MB.

Unloading 17 unused Assets to reduce memory usage. Loaded Objects now: 3407.
Total: 3.007400 ms (FindLiveObjects: 0.490600 ms CreateObjectMapping: 0.210300 ms MarkObjects: 2.279900 ms  DeleteObjects: 0.025200 ms)

AssetImportParameters requested are different than current active one (requested -> active):
  custom:framework-win-MediaFoundation: 216162199b28c13a410421893ffa2e32 -> 
  custom:video-decoder-ogg-theora: a1e56fd34408186e4bbccfd4996cb3dc -> 
  custom:container-muxer-webm: aa71ff27fc2769a1b78a27578f13a17b -> 
  custom:container-demuxer-webm: 4f35f7cbe854078d1ac9338744f61a02 -> 
  custom:container-demuxer-ogg: 62fdf1f143b41e24485cea50d1cbac27 -> 
  custom:video-encoder-webm-vp8: eb34c28f22e8b96e1ab97ce403110664 -> 
  custom:video-decoder-webm-vp8: 9c59270c3fd7afecdb556c50c9e8de78 -> 
  custom:graphics/normal-map-encoding: 01000000000000000000000000000000 -> 02000000000000000000000000000000
  custom:audio-decoder-ogg-vorbis: bf7c407c2cedff20999df2af8eb42d56 -> 
  custom:audio-encoder-webm-vorbis: bf7c407c2cedff20999df2af8eb42d56 -> 
========================================================================
Received Import Request.
  Time since last request: 217.191076 seconds.
  path: Assets/Scripts/Markers/Marker.cs
  artifactKey: Guid(b6aceec318c90de47939a70445c923ac) Importer(815301076,1909f56bfc062723c751e8b465ee728b)
Start importing Assets/Scripts/Markers/Marker.cs using Guid(b6aceec318c90de47939a70445c923ac) Importer(815301076,1909f56bfc062723c751e8b465ee728b)  -> (artifact id: '22ab2c54a510a66622c1b50a92077135') in 0.010299 seconds 
  Import took 0.040441 seconds .

========================================================================
Received Import Request.
  Time since last request: 1.506402 seconds.
  path: Assets/Scripts/Markers/Marker.cs
  artifactKey: Guid(b6aceec318c90de47939a70445c923ac) Importer(815301076,1909f56bfc062723c751e8b465ee728b)
Start importing Assets/Scripts/Markers/Marker.cs using Guid(b6aceec318c90de47939a70445c923ac) Importer(815301076,1909f56bfc062723c751e8b465ee728b)  -> (artifact id: '124dcc5f987de8e142fc29180800e888') in 0.003314 seconds 
  Import took 0.065264 seconds .

========================================================================
Received Prepare
Registering precompiled user dll's ...
Registered in 0.004746 seconds.
Begin MonoManager ReloadAssembly
Native extension for WindowsStandalone target not found
Refreshing native plugins compatible for Editor in 0.55 ms, found 2 plugins.
Preloading 0 native plugins for Editor in 0.00 ms.
Mono: successfully reloaded assembly
- Completed reload, in  1.751 seconds
Platform modules already initialized, skipping
Switching build target platform(19) subTarget(0) extendedPlatform(0) -> platform(13) subTarget(537395200) extendedPlatform(0)
Shader 'Universal Render Pipeline/Particles/Lit': fallback shader 'Universal Render Pipeline/Particles/SimpleLit' not found
Refreshing native plugins compatible for Editor in 0.74 ms, found 2 plugins.
Preloading 0 native plugins for Editor in 0.00 ms.
Unloading 2816 Unused Serialized files (Serialized files now loaded: 0)
System memory in use before: 123.5 MB.
System memory in use after: 123.7 MB.

Unloading 17 unused Assets to reduce memory usage. Loaded Objects now: 3410.
Total: 4.489700 ms (FindLiveObjects: 0.364800 ms CreateObjectMapping: 0.244900 ms MarkObjects: 3.824200 ms  DeleteObjects: 0.054200 ms)

AssetImportParameters requested are different than current active one (requested -> active):
  custom:framework-win-MediaFoundation: 216162199b28c13a410421893ffa2e32 -> 
  custom:video-decoder-ogg-theora: a1e56fd34408186e4bbccfd4996cb3dc -> 
  custom:container-muxer-webm: aa71ff27fc2769a1b78a27578f13a17b -> 
  custom:container-demuxer-webm: 4f35f7cbe854078d1ac9338744f61a02 -> 
  custom:container-demuxer-ogg: 62fdf1f143b41e24485cea50d1cbac27 -> 
  custom:video-encoder-webm-vp8: eb34c28f22e8b96e1ab97ce403110664 -> 
  custom:video-decoder-webm-vp8: 9c59270c3fd7afecdb556c50c9e8de78 -> 
  custom:graphics/normal-map-encoding: 01000000000000000000000000000000 -> 02000000000000000000000000000000
  custom:audio-decoder-ogg-vorbis: bf7c407c2cedff20999df2af8eb42d56 -> 
  custom:audio-encoder-webm-vorbis: bf7c407c2cedff20999df2af8eb42d56 -> 
========================================================================
Received Import Request.
  Time since last request: 843.672158 seconds.
  path: Assets/Scripts/Markers/MarkerManager.cs
  artifactKey: Guid(b43b1f78d7f67e64a81e1db40904bd3f) Importer(815301076,1909f56bfc062723c751e8b465ee728b)
Start importing Assets/Scripts/Markers/MarkerManager.cs using Guid(b43b1f78d7f67e64a81e1db40904bd3f) Importer(815301076,1909f56bfc062723c751e8b465ee728b)  -> (artifact id: '146e774eb07ace722cf1523e197bd253') in 0.014100 seconds 
  Import took 0.048700 seconds .

========================================================================
Received Import Request.
  Time since last request: 384.418221 seconds.
  path: Assets/Scripts/Objects/Food/ObjectsSpawner.cs
  artifactKey: Guid(ddbc0149e42db164ca8d085c413a0548) Importer(815301076,1909f56bfc062723c751e8b465ee728b)
Start importing Assets/Scripts/Objects/Food/ObjectsSpawner.cs using Guid(ddbc0149e42db164ca8d085c413a0548) Importer(815301076,1909f56bfc062723c751e8b465ee728b)  -> (artifact id: 'ef4ec5aeff131b7eb0313c3402d29c09') in 0.007238 seconds 
  Import took 0.042245 seconds .

========================================================================
Received Prepare
Registering precompiled user dll's ...
Registered in 0.007959 seconds.
Begin MonoManager ReloadAssembly
Native extension for WindowsStandalone target not found
Refreshing native plugins compatible for Editor in 0.64 ms, found 2 plugins.
Preloading 0 native plugins for Editor in 0.00 ms.
Mono: successfully reloaded assembly
- Completed reload, in  1.908 seconds
Platform modules already initialized, skipping
Switching build target platform(19) subTarget(0) extendedPlatform(0) -> platform(13) subTarget(537395200) extendedPlatform(0)
Shader 'Universal Render Pipeline/Particles/Lit': fallback shader 'Universal Render Pipeline/Particles/SimpleLit' not found
Refreshing native plugins compatible for Editor in 0.73 ms, found 2 plugins.
Preloading 0 native plugins for Editor in 0.00 ms.
Unloading 2816 Unused Serialized files (Serialized files now loaded: 0)
System memory in use before: 123.5 MB.
System memory in use after: 123.7 MB.

Unloading 17 unused Assets to reduce memory usage. Loaded Objects now: 3413.
Total: 4.632600 ms (FindLiveObjects: 1.393000 ms CreateObjectMapping: 0.465600 ms MarkObjects: 2.729100 ms  DeleteObjects: 0.043200 ms)

AssetImportParameters requested are different than current active one (requested -> active):
  custom:framework-win-MediaFoundation: 216162199b28c13a410421893ffa2e32 -> 
  custom:video-decoder-ogg-theora: a1e56fd34408186e4bbccfd4996cb3dc -> 
  custom:container-muxer-webm: aa71ff27fc2769a1b78a27578f13a17b -> 
  custom:container-demuxer-webm: 4f35f7cbe854078d1ac9338744f61a02 -> 
  custom:container-demuxer-ogg: 62fdf1f143b41e24485cea50d1cbac27 -> 
  custom:video-encoder-webm-vp8: eb34c28f22e8b96e1ab97ce403110664 -> 
  custom:video-decoder-webm-vp8: 9c59270c3fd7afecdb556c50c9e8de78 -> 
  custom:graphics/normal-map-encoding: 01000000000000000000000000000000 -> 02000000000000000000000000000000
  custom:audio-decoder-ogg-vorbis: bf7c407c2cedff20999df2af8eb42d56 -> 
  custom:audio-encoder-webm-vorbis: bf7c407c2cedff20999df2af8eb42d56 -> 
========================================================================
Received Import Request.
  Time since last request: 22.248543 seconds.
  path: Assets/Scripts/Objects/Food/FoodType.cs
  artifactKey: Guid(9c5ae5640ce54584da3722957e7baa08) Importer(815301076,1909f56bfc062723c751e8b465ee728b)
Start importing Assets/Scripts/Objects/Food/FoodType.cs using Guid(9c5ae5640ce54584da3722957e7baa08) Importer(815301076,1909f56bfc062723c751e8b465ee728b)  -> (artifact id: '00165bce0d22d769aae3c2b9d3a22fbe') in 0.011499 seconds 
  Import took 0.048044 seconds .

========================================================================
Received Prepare
Registering precompiled user dll's ...
Registered in 0.005686 seconds.
Begin MonoManager ReloadAssembly
Native extension for WindowsStandalone target not found
Refreshing native plugins compatible for Editor in 0.61 ms, found 2 plugins.
Preloading 0 native plugins for Editor in 0.00 ms.
Mono: successfully reloaded assembly
- Completed reload, in  1.920 seconds
Platform modules already initialized, skipping
Switching build target platform(19) subTarget(0) extendedPlatform(0) -> platform(13) subTarget(537395200) extendedPlatform(0)
Shader 'Universal Render Pipeline/Particles/Lit': fallback shader 'Universal Render Pipeline/Particles/SimpleLit' not found
Refreshing native plugins compatible for Editor in 0.56 ms, found 2 plugins.
Preloading 0 native plugins for Editor in 0.00 ms.
Unloading 2816 Unused Serialized files (Serialized files now loaded: 0)
System memory in use before: 123.5 MB.
System memory in use after: 123.7 MB.

Unloading 17 unused Assets to reduce memory usage. Loaded Objects now: 3416.
Total: 2.835400 ms (FindLiveObjects: 0.301500 ms CreateObjectMapping: 0.156600 ms MarkObjects: 2.305100 ms  DeleteObjects: 0.071100 ms)

AssetImportParameters requested are different than current active one (requested -> active):
  custom:framework-win-MediaFoundation: 216162199b28c13a410421893ffa2e32 -> 
  custom:video-decoder-ogg-theora: a1e56fd34408186e4bbccfd4996cb3dc -> 
  custom:container-muxer-webm: aa71ff27fc2769a1b78a27578f13a17b -> 
  custom:container-demuxer-webm: 4f35f7cbe854078d1ac9338744f61a02 -> 
  custom:container-demuxer-ogg: 62fdf1f143b41e24485cea50d1cbac27 -> 
  custom:video-encoder-webm-vp8: eb34c28f22e8b96e1ab97ce403110664 -> 
  custom:video-decoder-webm-vp8: 9c59270c3fd7afecdb556c50c9e8de78 -> 
  custom:graphics/normal-map-encoding: 01000000000000000000000000000000 -> 02000000000000000000000000000000
  custom:audio-decoder-ogg-vorbis: bf7c407c2cedff20999df2af8eb42d56 -> 
  custom:audio-encoder-webm-vorbis: bf7c407c2cedff20999df2af8eb42d56 -> 
========================================================================
Received Prepare
Registering precompiled user dll's ...
Registered in 0.014963 seconds.
Begin MonoManager ReloadAssembly
Native extension for WindowsStandalone target not found
Refreshing native plugins compatible for Editor in 41.88 ms, found 2 plugins.
Preloading 0 native plugins for Editor in 0.00 ms.
Mono: successfully reloaded assembly
- Completed reload, in  1.748 seconds
Platform modules already initialized, skipping
Switching build target platform(19) subTarget(0) extendedPlatform(0) -> platform(13) subTarget(537395200) extendedPlatform(0)
Shader 'Universal Render Pipeline/Particles/Lit': fallback shader 'Universal Render Pipeline/Particles/SimpleLit' not found
Refreshing native plugins compatible for Editor in 0.57 ms, found 2 plugins.
Preloading 0 native plugins for Editor in 0.00 ms.
Unloading 2816 Unused Serialized files (Serialized files now loaded: 0)
System memory in use before: 123.5 MB.
System memory in use after: 123.7 MB.

Unloading 17 unused Assets to reduce memory usage. Loaded Objects now: 3419.
Total: 4.312300 ms (FindLiveObjects: 0.413100 ms CreateObjectMapping: 0.180700 ms MarkObjects: 3.685100 ms  DeleteObjects: 0.032000 ms)

AssetImportParameters requested are different than current active one (requested -> active):
  custom:framework-win-MediaFoundation: 216162199b28c13a410421893ffa2e32 -> 
  custom:video-decoder-ogg-theora: a1e56fd34408186e4bbccfd4996cb3dc -> 
  custom:container-muxer-webm: aa71ff27fc2769a1b78a27578f13a17b -> 
  custom:container-demuxer-webm: 4f35f7cbe854078d1ac9338744f61a02 -> 
  custom:container-demuxer-ogg: 62fdf1f143b41e24485cea50d1cbac27 -> 
  custom:video-encoder-webm-vp8: eb34c28f22e8b96e1ab97ce403110664 -> 
  custom:video-decoder-webm-vp8: 9c59270c3fd7afecdb556c50c9e8de78 -> 
  custom:graphics/normal-map-encoding: 01000000000000000000000000000000 -> 02000000000000000000000000000000
  custom:audio-decoder-ogg-vorbis: bf7c407c2cedff20999df2af8eb42d56 -> 
  custom:audio-encoder-webm-vorbis: bf7c407c2cedff20999df2af8eb42d56 -> 
========================================================================
Received Prepare
Registering precompiled user dll's ...
Registered in 0.004568 seconds.
Begin MonoManager ReloadAssembly
Native extension for WindowsStandalone target not found
Refreshing native plugins compatible for Editor in 0.53 ms, found 2 plugins.
Preloading 0 native plugins for Editor in 0.00 ms.
Mono: successfully reloaded assembly
- Completed reload, in  1.618 seconds
Platform modules already initialized, skipping
Switching build target platform(19) subTarget(0) extendedPlatform(0) -> platform(13) subTarget(537395200) extendedPlatform(0)
Shader 'Universal Render Pipeline/Particles/Lit': fallback shader 'Universal Render Pipeline/Particles/SimpleLit' not found
Refreshing native plugins compatible for Editor in 0.56 ms, found 2 plugins.
Preloading 0 native plugins for Editor in 0.00 ms.
Unloading 2816 Unused Serialized files (Serialized files now loaded: 0)
System memory in use before: 123.5 MB.
System memory in use after: 123.7 MB.

Unloading 17 unused Assets to reduce memory usage. Loaded Objects now: 3422.
Total: 3.148400 ms (FindLiveObjects: 0.307000 ms CreateObjectMapping: 0.172000 ms MarkObjects: 2.642000 ms  DeleteObjects: 0.025900 ms)

AssetImportParameters requested are different than current active one (requested -> active):
  custom:framework-win-MediaFoundation: 216162199b28c13a410421893ffa2e32 -> 
  custom:video-decoder-ogg-theora: a1e56fd34408186e4bbccfd4996cb3dc -> 
  custom:container-muxer-webm: aa71ff27fc2769a1b78a27578f13a17b -> 
  custom:container-demuxer-webm: 4f35f7cbe854078d1ac9338744f61a02 -> 
  custom:container-demuxer-ogg: 62fdf1f143b41e24485cea50d1cbac27 -> 
  custom:video-encoder-webm-vp8: eb34c28f22e8b96e1ab97ce403110664 -> 
  custom:video-decoder-webm-vp8: 9c59270c3fd7afecdb556c50c9e8de78 -> 
  custom:graphics/normal-map-encoding: 01000000000000000000000000000000 -> 02000000000000000000000000000000
  custom:audio-decoder-ogg-vorbis: bf7c407c2cedff20999df2af8eb42d56 -> 
  custom:audio-encoder-webm-vorbis: bf7c407c2cedff20999df2af8eb42d56 -> 
========================================================================
Received Import Request.
  Time since last request: 8505.023691 seconds.
  path: Assets/Settings/SnakeSettings.asset
  artifactKey: Guid(87d25a83ff009f848b0d4c8dd969c719) Importer(815301076,1909f56bfc062723c751e8b465ee728b)
Start importing Assets/Settings/SnakeSettings.asset using Guid(87d25a83ff009f848b0d4c8dd969c719) Importer(815301076,1909f56bfc062723c751e8b465ee728b)  -> (artifact id: '88cdb6063e351ae16084796bc8419539') in 0.248618 seconds 
  Import took 0.391341 seconds .

========================================================================
Received Import Request.
  Time since last request: 4.024737 seconds.
  path: Assets/Scripts/Settings/SnakeSettings.cs
  artifactKey: Guid(2b510cbea573b734f92e1fe907cbff20) Importer(815301076,1909f56bfc062723c751e8b465ee728b)
Start importing Assets/Scripts/Settings/SnakeSettings.cs using Guid(2b510cbea573b734f92e1fe907cbff20) Importer(815301076,1909f56bfc062723c751e8b465ee728b)  -> (artifact id: 'cf0062fef01606d71dff25fa55122511') in 0.004903 seconds 
  Import took 0.010873 seconds .

========================================================================
Received Import Request.
  Time since last request: 0.004973 seconds.
  path: Assets/Scripts/Settings/SnakeSettings.cs
  artifactKey: Guid(2b510cbea573b734f92e1fe907cbff20) Importer(815301076,1909f56bfc062723c751e8b465ee728b)
Start importing Assets/Scripts/Settings/SnakeSettings.cs using Guid(2b510cbea573b734f92e1fe907cbff20) Importer(815301076,1909f56bfc062723c751e8b465ee728b)  -> (artifact id: 'cf0062fef01606d71dff25fa55122511') in 0.004782 seconds 
  Import took 0.010683 seconds .

========================================================================
Received Import Request.
  Time since last request: 176.205574 seconds.
  path: Assets/Scripts/Settings/SnakeSettings.cs
  artifactKey: Guid(2b510cbea573b734f92e1fe907cbff20) Importer(815301076,1909f56bfc062723c751e8b465ee728b)
Start importing Assets/Scripts/Settings/SnakeSettings.cs using Guid(2b510cbea573b734f92e1fe907cbff20) Importer(815301076,1909f56bfc062723c751e8b465ee728b)  -> (artifact id: '6d6e1a23603c9e7f3c87910b99fc3175') in 0.007084 seconds 
  Import took 0.045297 seconds .

========================================================================
Received Import Request.
  Time since last request: 0.004285 seconds.
  path: Assets/Scripts/Settings/SnakeSettings.cs
  artifactKey: Guid(2b510cbea573b734f92e1fe907cbff20) Importer(815301076,1909f56bfc062723c751e8b465ee728b)
Start importing Assets/Scripts/Settings/SnakeSettings.cs using Guid(2b510cbea573b734f92e1fe907cbff20) Importer(815301076,1909f56bfc062723c751e8b465ee728b)  -> (artifact id: '6d6e1a23603c9e7f3c87910b99fc3175') in 0.003654 seconds 
  Import took 0.009975 seconds .

========================================================================
Received Prepare
Registering precompiled user dll's ...
Registered in 0.405372 seconds.
Begin MonoManager ReloadAssembly
Native extension for WindowsStandalone target not found
Refreshing native plugins compatible for Editor in 1.37 ms, found 2 plugins.
Preloading 0 native plugins for Editor in 0.00 ms.
Mono: successfully reloaded assembly
- Completed reload, in  2.326 seconds
Platform modules already initialized, skipping
Switching build target platform(19) subTarget(0) extendedPlatform(0) -> platform(13) subTarget(537395200) extendedPlatform(0)
Shader 'Universal Render Pipeline/Particles/Lit': fallback shader 'Universal Render Pipeline/Particles/SimpleLit' not found
Refreshing native plugins compatible for Editor in 0.64 ms, found 2 plugins.
Preloading 0 native plugins for Editor in 0.00 ms.
Unloading 2816 Unused Serialized files (Serialized files now loaded: 0)
System memory in use before: 123.5 MB.
System memory in use after: 123.8 MB.

Unloading 17 unused Assets to reduce memory usage. Loaded Objects now: 3426.
Total: 3.199400 ms (FindLiveObjects: 0.337100 ms CreateObjectMapping: 0.142900 ms MarkObjects: 2.679500 ms  DeleteObjects: 0.038200 ms)

AssetImportParameters requested are different than current active one (requested -> active):
  custom:framework-win-MediaFoundation: 216162199b28c13a410421893ffa2e32 -> 
  custom:video-decoder-ogg-theora: a1e56fd34408186e4bbccfd4996cb3dc -> 
  custom:container-muxer-webm: aa71ff27fc2769a1b78a27578f13a17b -> 
  custom:container-demuxer-webm: 4f35f7cbe854078d1ac9338744f61a02 -> 
  custom:container-demuxer-ogg: 62fdf1f143b41e24485cea50d1cbac27 -> 
  custom:video-encoder-webm-vp8: eb34c28f22e8b96e1ab97ce403110664 -> 
  custom:video-decoder-webm-vp8: 9c59270c3fd7afecdb556c50c9e8de78 -> 
  custom:graphics/normal-map-encoding: 01000000000000000000000000000000 -> 02000000000000000000000000000000
  custom:audio-decoder-ogg-vorbis: bf7c407c2cedff20999df2af8eb42d56 -> 
  custom:audio-encoder-webm-vorbis: bf7c407c2cedff20999df2af8eb42d56 -> 
========================================================================
Received Prepare
Registering precompiled user dll's ...
Registered in 0.004808 seconds.
Begin MonoManager ReloadAssembly
Native extension for WindowsStandalone target not found
Refreshing native plugins compatible for Editor in 0.58 ms, found 2 plugins.
Preloading 0 native plugins for Editor in 0.00 ms.
Mono: successfully reloaded assembly
- Completed reload, in  1.588 seconds
Platform modules already initialized, skipping
Switching build target platform(19) subTarget(0) extendedPlatform(0) -> platform(13) subTarget(537395200) extendedPlatform(0)
Shader 'Universal Render Pipeline/Particles/Lit': fallback shader 'Universal Render Pipeline/Particles/SimpleLit' not found
Refreshing native plugins compatible for Editor in 0.64 ms, found 2 plugins.
Preloading 0 native plugins for Editor in 0.00 ms.
Unloading 2816 Unused Serialized files (Serialized files now loaded: 0)
System memory in use before: 123.5 MB.
System memory in use after: 123.8 MB.

Unloading 17 unused Assets to reduce memory usage. Loaded Objects now: 3429.
Total: 3.119300 ms (FindLiveObjects: 0.312700 ms CreateObjectMapping: 0.161500 ms MarkObjects: 2.583800 ms  DeleteObjects: 0.059900 ms)

AssetImportParameters requested are different than current active one (requested -> active):
  custom:framework-win-MediaFoundation: 216162199b28c13a410421893ffa2e32 -> 
  custom:video-decoder-ogg-theora: a1e56fd34408186e4bbccfd4996cb3dc -> 
  custom:container-muxer-webm: aa71ff27fc2769a1b78a27578f13a17b -> 
  custom:container-demuxer-webm: 4f35f7cbe854078d1ac9338744f61a02 -> 
  custom:container-demuxer-ogg: 62fdf1f143b41e24485cea50d1cbac27 -> 
  custom:video-encoder-webm-vp8: eb34c28f22e8b96e1ab97ce403110664 -> 
  custom:video-decoder-webm-vp8: 9c59270c3fd7afecdb556c50c9e8de78 -> 
  custom:graphics/normal-map-encoding: 01000000000000000000000000000000 -> 02000000000000000000000000000000
  custom:audio-decoder-ogg-vorbis: bf7c407c2cedff20999df2af8eb42d56 -> 
  custom:audio-encoder-webm-vorbis: bf7c407c2cedff20999df2af8eb42d56 -> 
========================================================================
Received Prepare
Registering precompiled user dll's ...
Registered in 0.005083 seconds.
Begin MonoManager ReloadAssembly
Native extension for WindowsStandalone target not found
Refreshing native plugins compatible for Editor in 0.58 ms, found 2 plugins.
Preloading 0 native plugins for Editor in 0.00 ms.
Mono: successfully reloaded assembly
- Completed reload, in  2.151 seconds
Platform modules already initialized, skipping
Switching build target platform(19) subTarget(0) extendedPlatform(0) -> platform(13) subTarget(537395200) extendedPlatform(0)
Shader 'Universal Render Pipeline/Particles/Lit': fallback shader 'Universal Render Pipeline/Particles/SimpleLit' not found
Refreshing native plugins compatible for Editor in 0.56 ms, found 2 plugins.
Preloading 0 native plugins for Editor in 0.00 ms.
Unloading 2816 Unused Serialized files (Serialized files now loaded: 0)
System memory in use before: 123.6 MB.
System memory in use after: 123.8 MB.

Unloading 17 unused Assets to reduce memory usage. Loaded Objects now: 3432.
Total: 3.780200 ms (FindLiveObjects: 0.372800 ms CreateObjectMapping: 0.429500 ms MarkObjects: 2.953500 ms  DeleteObjects: 0.023100 ms)

AssetImportParameters requested are different than current active one (requested -> active):
  custom:framework-win-MediaFoundation: 216162199b28c13a410421893ffa2e32 -> 
  custom:video-decoder-ogg-theora: a1e56fd34408186e4bbccfd4996cb3dc -> 
  custom:container-muxer-webm: aa71ff27fc2769a1b78a27578f13a17b -> 
  custom:container-demuxer-webm: 4f35f7cbe854078d1ac9338744f61a02 -> 
  custom:container-demuxer-ogg: 62fdf1f143b41e24485cea50d1cbac27 -> 
  custom:video-encoder-webm-vp8: eb34c28f22e8b96e1ab97ce403110664 -> 
  custom:video-decoder-webm-vp8: 9c59270c3fd7afecdb556c50c9e8de78 -> 
  custom:graphics/normal-map-encoding: 01000000000000000000000000000000 -> 02000000000000000000000000000000
  custom:audio-decoder-ogg-vorbis: bf7c407c2cedff20999df2af8eb42d56 -> 
  custom:audio-encoder-webm-vorbis: bf7c407c2cedff20999df2af8eb42d56 -> 
========================================================================
Received Import Request.
  Time since last request: 361.997765 seconds.
  path: Assets/Scripts/Settings/SnakeSettings.cs
  artifactKey: Guid(2b510cbea573b734f92e1fe907cbff20) Importer(815301076,1909f56bfc062723c751e8b465ee728b)
Start importing Assets/Scripts/Settings/SnakeSettings.cs using Guid(2b510cbea573b734f92e1fe907cbff20) Importer(815301076,1909f56bfc062723c751e8b465ee728b)  -> (artifact id: 'b8237a22f215e893ca006a119a30b9c0') in 0.008693 seconds 
  Import took 0.046253 seconds .

========================================================================
Received Import Request.
  Time since last request: 1.098713 seconds.
  path: Assets/Scripts/Road/WaterManager.cs
  artifactKey: Guid(e562deb695439264e9e004e6aa001bae) Importer(815301076,1909f56bfc062723c751e8b465ee728b)
Start importing Assets/Scripts/Road/WaterManager.cs using Guid(e562deb695439264e9e004e6aa001bae) Importer(815301076,1909f56bfc062723c751e8b465ee728b)  -> (artifact id: 'e76fb3c34cf30124bb139d9e84ba1207') in 0.012204 seconds 
  Import took 0.041745 seconds .

========================================================================
Received Import Request.
  Time since last request: 0.773329 seconds.
  path: Assets/Scripts/Road/RoadManager.cs
  artifactKey: Guid(e2ee0ffad92d9f340976f07db723a95d) Importer(815301076,1909f56bfc062723c751e8b465ee728b)
Start importing Assets/Scripts/Road/RoadManager.cs using Guid(e2ee0ffad92d9f340976f07db723a95d) Importer(815301076,1909f56bfc062723c751e8b465ee728b)  -> (artifact id: '6c8a86c38c0e7baf3536ffc2102578b1') in 0.010781 seconds 
  Import took 0.037839 seconds .

========================================================================
Received Import Request.
  Time since last request: 0.335142 seconds.
  path: Assets/Scripts/Road/CheckPoint.cs
  artifactKey: Guid(0d8d3bcbae996e14c86d8cc43c9c7dfb) Importer(815301076,1909f56bfc062723c751e8b465ee728b)
Start importing Assets/Scripts/Road/CheckPoint.cs using Guid(0d8d3bcbae996e14c86d8cc43c9c7dfb) Importer(815301076,1909f56bfc062723c751e8b465ee728b)  -> (artifact id: '854fd50282ecca2275d98981852e3ee2') in 0.010523 seconds 
  Import took 0.061223 seconds .

========================================================================
Received Import Request.
  Time since last request: 3.731696 seconds.
  path: Assets/Scripts/Objects/Jewel.cs
  artifactKey: Guid(ddf86836752d76146934a164d2a0bb10) Importer(815301076,1909f56bfc062723c751e8b465ee728b)
Start importing Assets/Scripts/Objects/Jewel.cs using Guid(ddf86836752d76146934a164d2a0bb10) Importer(815301076,1909f56bfc062723c751e8b465ee728b)  -> (artifact id: '8bf0d32654f806778a3e39f58c176425') in 0.021092 seconds 
  Import took 0.066216 seconds .

========================================================================
Received Import Request.
  Time since last request: 0.699284 seconds.
  path: Assets/Scripts/Objects/Obstacle.cs
  artifactKey: Guid(f8b6dccc2db74f44990fcad3b351428e) Importer(815301076,1909f56bfc062723c751e8b465ee728b)
Start importing Assets/Scripts/Objects/Obstacle.cs using Guid(f8b6dccc2db74f44990fcad3b351428e) Importer(815301076,1909f56bfc062723c751e8b465ee728b)  -> (artifact id: 'e5aa013035b79fb2e63a88fc5d559539') in 0.017768 seconds 
  Import took 0.067250 seconds .

========================================================================
Received Import Request.
  Time since last request: 13.313432 seconds.
  path: Assets/Scripts/Snake/SnakeSegment.cs
  artifactKey: Guid(16d35fa753b1f094d9ebe9de45339991) Importer(815301076,1909f56bfc062723c751e8b465ee728b)
Start importing Assets/Scripts/Snake/SnakeSegment.cs using Guid(16d35fa753b1f094d9ebe9de45339991) Importer(815301076,1909f56bfc062723c751e8b465ee728b)  -> (artifact id: 'c86944bf187ff638bf26fd09e96f708f') in 0.008189 seconds 
  Import took 0.044769 seconds .

========================================================================
Received Import Request.
  Time since last request: 0.321323 seconds.
  path: Assets/Scripts/Snake/SnakeHead.cs
  artifactKey: Guid(534f77c9fdf4cfa4596233273a81ec9c) Importer(815301076,1909f56bfc062723c751e8b465ee728b)
Start importing Assets/Scripts/Snake/SnakeHead.cs using Guid(534f77c9fdf4cfa4596233273a81ec9c) Importer(815301076,1909f56bfc062723c751e8b465ee728b)  -> (artifact id: '8dc1bb83b35f6a77ebc423b6969fcefc') in 0.008334 seconds 
  Import took 0.055495 seconds .

========================================================================
Received Import Request.
  Time since last request: 0.317088 seconds.
  path: Assets/Scripts/Snake/SnakeBoostController.cs
  artifactKey: Guid(3cd1432796228464099d694d2d39a24e) Importer(815301076,1909f56bfc062723c751e8b465ee728b)
Start importing Assets/Scripts/Snake/SnakeBoostController.cs using Guid(3cd1432796228464099d694d2d39a24e) Importer(815301076,1909f56bfc062723c751e8b465ee728b)  -> (artifact id: '760b02266b18cd4a5a7812dac64b0275') in 0.008752 seconds 
  Import took 0.048901 seconds .

========================================================================
Received Import Request.
  Time since last request: 0.636898 seconds.
  path: Assets/Scripts/UI/UIPopUpWindow.cs
  artifactKey: Guid(c283eaf42fa269b4cbfb0daac1cc9fcd) Importer(815301076,1909f56bfc062723c751e8b465ee728b)
Start importing Assets/Scripts/UI/UIPopUpWindow.cs using Guid(c283eaf42fa269b4cbfb0daac1cc9fcd) Importer(815301076,1909f56bfc062723c751e8b465ee728b)  -> (artifact id: '9a1b3cb5563e11d891ba6eb2e70c6b9f') in 0.008169 seconds 
  Import took 0.060638 seconds .

========================================================================
Received Import Request.
  Time since last request: 1.130227 seconds.
  path: Assets/Scripts/UI/UIScreenDimmer.cs
  artifactKey: Guid(27ee28c440dac4e4b98cfe73f5f7e227) Importer(815301076,1909f56bfc062723c751e8b465ee728b)
Start importing Assets/Scripts/UI/UIScreenDimmer.cs using Guid(27ee28c440dac4e4b98cfe73f5f7e227) Importer(815301076,1909f56bfc062723c751e8b465ee728b)  -> (artifact id: '3e37f5cc5b275a27cd0fa141149a37b1') in 0.008784 seconds 
  Import took 0.015914 seconds .

========================================================================
Received Import Request.
  Time since last request: 0.857339 seconds.
  path: Assets/Scripts/UI/UIObjectCounter.cs
  artifactKey: Guid(e2479a873721a4847a5e6ba3a6944400) Importer(815301076,1909f56bfc062723c751e8b465ee728b)
Start importing Assets/Scripts/UI/UIObjectCounter.cs using Guid(e2479a873721a4847a5e6ba3a6944400) Importer(815301076,1909f56bfc062723c751e8b465ee728b)  -> (artifact id: 'e2e87504a57146ba333518a6a47bfcde') in 0.007048 seconds 
  Import took 0.039810 seconds .

========================================================================
Received Import Request.
  Time since last request: 8.401783 seconds.
  path: Assets/Scripts/Snake/SnakeHeadCollision.cs
  artifactKey: Guid(f5c13b3367ec95b4ab52ac2b10b44e7e) Importer(815301076,1909f56bfc062723c751e8b465ee728b)
Start importing Assets/Scripts/Snake/SnakeHeadCollision.cs using Guid(f5c13b3367ec95b4ab52ac2b10b44e7e) Importer(815301076,1909f56bfc062723c751e8b465ee728b)  -> (artifact id: '7569e59d1fb649b1396c1e550033f166') in 0.007670 seconds 
  Import took 0.050615 seconds .

AssetImportWorkerClient::OnTransportError - code=2 error=End of file
